[debug] > Exec(early(addDefaultCommands), None, None)
[debug] > Exec(addDefaultCommands, None, None)
[debug] > Exec(early(initialize), None, None)
[debug] > Exec(initialize, None, None)
[debug] > Exec(boot, None, None)
[debug] > Exec(writeSbtVersion, None, None)
[info] Updated file C:\Users\shrijha\IdeaProjects\data-chalisa\project\build.properties: set sbt.version to 1.9.7
[debug] > Exec(reload, None, None)
[debug] > Exec(sbtStashOnFailure, None, None)
[debug] > Exec(onFailure loadFailed, None, None)
[debug] > Exec(loadp, None, None)
[info] welcome to sbt 1.9.7 (Oracle Corporation Java 17.0.12)
[debug] Load.defaultLoad until apply took 425.3513ms
[debug]           Load.loadUnit: plugins took 194.6134ms
[debug]           Load.loadUnit: defsScala took 0.3427ms
[debug] [Loading] Scanning directory C:\Users\shrijha\IdeaProjects\data-chalisa\project
[debug] [Loading] Found non-root projects 
[debug] [Loading] Done in C:\Users\shrijha\IdeaProjects\data-chalisa\project, returning: ()
[debug] deducing auto plugins based on known facts Set(Atom(sbt.plugins.CorePlugin)) and clauses Clauses(Clause(Atom(sbt.plugins.JvmPlugin),Set(Atom(sbt.plugins.IvyPlugin)))
[debug] Clause(Atom(sbt.ScriptedPlugin),Set(Atom(sbt.plugins.JvmPlugin)))
[debug] Clause(Atom(sbt.plugins.SbtPlugin),Set(Atom(sbt.ScriptedPlugin)))
[debug] Clause(Atom(sbt.plugins.SemanticdbPlugin),Set(Atom(sbt.plugins.JvmPlugin)))
[debug] Clause(Atom(sbt.plugins.JUnitXmlReportPlugin),Set(Atom(sbt.plugins.JvmPlugin)))
[debug] Clause(Atom(sbt.plugins.MiniDependencyTreePlugin),Set(Atom(sbt.plugins.JvmPlugin)))
[debug] Clause(Atom(sbt.plugins.CorePlugin),Set(Atom(sbt.plugins.IvyPlugin)))
[debug] Clause(Atom(sbt.plugins.IvyPlugin),Set(Atom(sbt.plugins.JvmPlugin)))
[debug] Clause(Atom(sbt.plugins.JvmPlugin),Set(Atom(sbt.plugins.SemanticdbPlugin)))
[debug] Clause(Atom(sbt.plugins.JvmPlugin),Set(Atom(sbt.plugins.JUnitXmlReportPlugin)))
[debug] Clause(Atom(sbt.plugins.CorePlugin),Set(Atom(sbt.plugins.Giter8TemplatePlugin)))
[debug] Clause(Atom(sbt.plugins.JvmPlugin),Set(Atom(sbt.plugins.MiniDependencyTreePlugin))))
[debug]   :: deduced result: Matched(sbt.plugins.CorePlugin,sbt.plugins.Giter8TemplatePlugin,sbt.plugins.IvyPlugin,sbt.plugins.JvmPlugin,sbt.plugins.MiniDependencyTreePlugin,sbt.plugins.JUnitXmlReportPlugin,sbt.plugins.SemanticdbPlugin)
[debug] Plugins.deducer#function took 17.091 ms
[debug]               Load.resolveProject(data-chalisa-build) took 45.5333ms
[debug]             Load.loadTransitive: finalizeProject(Project(id data-chalisa-build, base: C:\Users\shrijha\IdeaProjects\data-chalisa\project, plugins: List(<none>))) took 80.9977ms
[debug] [Loading] Done in C:\Users\shrijha\IdeaProjects\data-chalisa\project, returning: (data-chalisa-build)
[debug]           Load.loadUnit: loadedProjectsRaw took 98.2672ms
[debug]           Load.loadUnit: cleanEvalClasses took 0.1719ms
[debug]         Load.loadUnit(file:/C:/Users/shrijha/IdeaProjects/data-chalisa/project/, ...) took 298.7822ms
[debug]       Load.apply: load took 496.7892ms
[debug]       Load.apply: resolveProjects took 4.8293ms
[debug]       Load.apply: finalTransforms took 73.7079ms
[debug]       Load.apply: config.delegates took 19.1126ms
[debug]       Load.apply: Def.make(settings)... took 744.234ms
[debug]       Load.apply: structureIndex took 169.2854ms
[debug]       Load.apply: mkStreams took 6.8389ms
[info] loading project definition from C:\Users\shrijha\IdeaProjects\data-chalisa\project
[debug] Running task... Cancel: Signal, check cycles: false, forcegc: true
[debug]     Load.loadUnit: plugins took 3349.7449ms
[debug]     Load.loadUnit: defsScala took 0.0039ms
[debug] [Loading] Scanning directory C:\Users\shrijha\IdeaProjects\data-chalisa
[debug] [Loading] Found non-root projects 
[debug] [Loading] Done in C:\Users\shrijha\IdeaProjects\data-chalisa, returning: ()
[debug] deducing auto plugins based on known facts Set(Atom(sbt.plugins.CorePlugin)) and clauses Clauses(Clause(Atom(sbt.plugins.JvmPlugin),Set(Atom(sbt.plugins.IvyPlugin)))
[debug] Clause(Atom(sbt.ScriptedPlugin),Set(Atom(sbt.plugins.JvmPlugin)))
[debug] Clause(Atom(sbt.plugins.SbtPlugin),Set(Atom(sbt.ScriptedPlugin)))
[debug] Clause(Atom(sbt.plugins.SemanticdbPlugin),Set(Atom(sbt.plugins.JvmPlugin)))
[debug] Clause(Atom(sbt.plugins.JUnitXmlReportPlugin),Set(Atom(sbt.plugins.JvmPlugin)))
[debug] Clause(Atom(sbt.plugins.MiniDependencyTreePlugin),Set(Atom(sbt.plugins.JvmPlugin)))
[debug] Clause(Atom(sbt.plugins.CorePlugin),Set(Atom(sbt.plugins.IvyPlugin)))
[debug] Clause(Atom(sbt.plugins.IvyPlugin),Set(Atom(sbt.plugins.JvmPlugin)))
[debug] Clause(Atom(sbt.plugins.JvmPlugin),Set(Atom(sbt.plugins.SemanticdbPlugin)))
[debug] Clause(Atom(sbt.plugins.JvmPlugin),Set(Atom(sbt.plugins.JUnitXmlReportPlugin)))
[debug] Clause(Atom(sbt.plugins.CorePlugin),Set(Atom(sbt.plugins.Giter8TemplatePlugin)))
[debug] Clause(Atom(sbt.plugins.JvmPlugin),Set(Atom(sbt.plugins.MiniDependencyTreePlugin))))
[debug]   :: deduced result: Matched(sbt.plugins.CorePlugin,sbt.plugins.Giter8TemplatePlugin,sbt.plugins.IvyPlugin,sbt.plugins.JvmPlugin,sbt.plugins.MiniDependencyTreePlugin,sbt.plugins.JUnitXmlReportPlugin,sbt.plugins.SemanticdbPlugin)
[debug] Plugins.deducer#function took 1.3512 ms
[debug]         Load.resolveProject(data-chalisa) took 1.2654ms
[debug]       Load.loadTransitive: finalizeProject(Project(id data-chalisa, base: C:\Users\shrijha\IdeaProjects\data-chalisa, plugins: List(<none>))) took 3.0179ms
[debug] [Loading] Done in C:\Users\shrijha\IdeaProjects\data-chalisa, returning: (data-chalisa)
[debug]     Load.loadUnit: loadedProjectsRaw took 4.5873ms
[debug]     Load.loadUnit: cleanEvalClasses took 0.0124ms
[debug]   Load.loadUnit(file:/C:/Users/shrijha/IdeaProjects/data-chalisa/, ...) took 3356.2703ms
[debug] Load.apply: load took 3380.1563ms
[debug] Load.apply: resolveProjects took 0.13ms
[debug] Load.apply: finalTransforms took 6.3562ms
[debug] Load.apply: config.delegates took 0.308ms
[debug] Load.apply: Def.make(settings)... took 72.9734ms
[debug] Load.apply: structureIndex took 25.9426ms
[debug] Load.apply: mkStreams took 0.0038ms
[info] set current project to data-chalisa (in build file:/C:/Users/shrijha/IdeaProjects/data-chalisa/)
[debug] > Exec(sbtPopOnFailure, None, None)
[debug] > Exec(resumeFromFailure, None, None)
[debug] > Exec(notifyUsersAboutShell, None, None)
[debug] > Exec(iflast shell, None, None)
[debug] > Exec(shell, None, None)
[info] sbt server started at local:sbt-server-826f1d5a79706b90454e
[debug] Writing bsp connection file
[info] started sbt server
