[debug] > Exec(early(addDefaultCommands), None, None)
[debug] > Exec(addDefaultCommands, None, None)
[debug] > Exec(early(initialize), None, None)
[debug] > Exec(initialize, None, None)
[debug] > Exec(boot, None, None)
[debug] > Exec(writeSbtVersion, None, None)
[warn] No sbt.version set in project/build.properties, base directory: C:\Users\shrijha\IdeaProjects\data-chalisa
[debug] > Exec(reload, None, None)
[debug] > Exec(sbtStashOnFailure, None, None)
[debug] > Exec(onFailure loadFailed, None, None)
[debug] > Exec(loadp, None, None)
[info] welcome to sbt 1.9.7 (Oracle Corporation Java 17.0.12)
[debug] Load.defaultLoad until apply took 545.949ms
[debug]     Load.loadUnit: plugins took 96.9529ms
[debug]     Load.loadUnit: defsScala took 0.3907ms
[debug] [Loading] Scanning directory C:\Users\shrijha\IdeaProjects\data-chalisa
[debug] [Loading] Found non-root projects 
[debug] [Loading] Done in C:\Users\shrijha\IdeaProjects\data-chalisa, returning: ()
[debug] deducing auto plugins based on known facts Set(Atom(sbt.plugins.CorePlugin)) and clauses Clauses(Clause(Atom(sbt.plugins.JvmPlugin),Set(Atom(sbt.plugins.IvyPlugin)))
[debug] Clause(Atom(sbt.ScriptedPlugin),Set(Atom(sbt.plugins.JvmPlugin)))
[debug] Clause(Atom(sbt.plugins.SbtPlugin),Set(Atom(sbt.ScriptedPlugin)))
[debug] Clause(Atom(sbt.plugins.SemanticdbPlugin),Set(Atom(sbt.plugins.JvmPlugin)))
[debug] Clause(Atom(sbt.plugins.JUnitXmlReportPlugin),Set(Atom(sbt.plugins.JvmPlugin)))
[debug] Clause(Atom(sbt.plugins.MiniDependencyTreePlugin),Set(Atom(sbt.plugins.JvmPlugin)))
[debug] Clause(Atom(sbt.plugins.CorePlugin),Set(Atom(sbt.plugins.IvyPlugin)))
[debug] Clause(Atom(sbt.plugins.IvyPlugin),Set(Atom(sbt.plugins.JvmPlugin)))
[debug] Clause(Atom(sbt.plugins.JvmPlugin),Set(Atom(sbt.plugins.SemanticdbPlugin)))
[debug] Clause(Atom(sbt.plugins.JvmPlugin),Set(Atom(sbt.plugins.JUnitXmlReportPlugin)))
[debug] Clause(Atom(sbt.plugins.CorePlugin),Set(Atom(sbt.plugins.Giter8TemplatePlugin)))
[debug] Clause(Atom(sbt.plugins.JvmPlugin),Set(Atom(sbt.plugins.MiniDependencyTreePlugin))))
[debug]   :: deduced result: Matched(sbt.plugins.CorePlugin,sbt.plugins.Giter8TemplatePlugin,sbt.plugins.IvyPlugin,sbt.plugins.JvmPlugin,sbt.plugins.MiniDependencyTreePlugin,sbt.plugins.JUnitXmlReportPlugin,sbt.plugins.SemanticdbPlugin)
[debug] Plugins.deducer#function took 31.1892 ms
[debug]         Load.resolveProject(data-chalisa) took 85.6078ms
[debug]       Load.loadTransitive: finalizeProject(Project(id data-chalisa, base: C:\Users\shrijha\IdeaProjects\data-chalisa, plugins: List(<none>))) took 137.8943ms
[debug] [Loading] Done in C:\Users\shrijha\IdeaProjects\data-chalisa, returning: (data-chalisa)
[debug]     Load.loadUnit: loadedProjectsRaw took 160.3894ms
[debug]     Load.loadUnit: cleanEvalClasses took 0.1739ms
[debug]   Load.loadUnit(file:/C:/Users/shrijha/IdeaProjects/data-chalisa/, ...) took 265.0952ms
[debug] Load.apply: load took 494.8267ms
[debug] Load.apply: resolveProjects took 4.599ms
[debug] Load.apply: finalTransforms took 77.038ms
[debug] Load.apply: config.delegates took 19.2738ms
[debug] Load.apply: Def.make(settings)... took 753.682ms
[debug] Load.apply: structureIndex took 199.3824ms
[debug] Load.apply: mkStreams took 8.3618ms
[info] set current project to data-chalisa (in build file:/C:/Users/shrijha/IdeaProjects/data-chalisa/)
[debug] > Exec(sbtPopOnFailure, None, None)
[debug] > Exec(resumeFromFailure, None, None)
[debug] > Exec(notifyUsersAboutShell, None, None)
[debug] > Exec(iflast shell, None, None)
[debug] > Exec(shell, None, None)
[info] sbt server started at local:sbt-server-826f1d5a79706b90454e
[debug] Writing bsp connection file
[info] started sbt server
